

Started GET "/" for 127.0.0.1 at 2013-08-10 22:17:09 -0500
Processing by Rails::WelcomeController#index as HTML
  Rendered c:/RailsInstaller/Ruby1.9.3/lib/ruby/gems/1.9.1/gems/railties-4.0.0.rc2/lib/rails/templates/rails/welcome/index.html.erb (28.0ms)
Completed 200 OK in 294ms (Views: 184.0ms | ActiveRecord: 0.0ms)


Started GET "/" for 127.0.0.1 at 2013-08-10 22:18:24 -0500
Processing by Rails::WelcomeController#index as HTML
  Rendered c:/RailsInstaller/Ruby1.9.3/lib/ruby/gems/1.9.1/gems/railties-4.0.0.rc2/lib/rails/templates/rails/welcome/index.html.erb (0.0ms)
Completed 200 OK in 17ms (Views: 15.0ms | ActiveRecord: 0.0ms)


Started GET "/" for 127.0.0.1 at 2013-09-01 19:47:07 -0500
Processing by Rails::WelcomeController#index as HTML
  Rendered c:/RailsInstaller/Ruby1.9.3/lib/ruby/gems/1.9.1/gems/railties-4.0.0.rc2/lib/rails/templates/rails/welcome/index.html.erb (24.0ms)
Completed 200 OK in 306ms (Views: 221.0ms | ActiveRecord: 0.0ms)


Started GET "/" for 127.0.0.1 at 2013-09-01 19:47:44 -0500
Processing by Rails::WelcomeController#index as HTML
  Rendered c:/RailsInstaller/Ruby1.9.3/lib/ruby/gems/1.9.1/gems/railties-4.0.0.rc2/lib/rails/templates/rails/welcome/index.html.erb (0.0ms)
Completed 200 OK in 10ms (Views: 9.0ms | ActiveRecord: 0.0ms)


Started GET "/rails/info/properties" for 127.0.0.1 at 2013-09-01 19:50:54 -0500
Processing by Rails::InfoController#properties as */*
  Rendered c:/RailsInstaller/Ruby1.9.3/lib/ruby/gems/1.9.1/gems/railties-4.0.0.rc2/lib/rails/templates/rails/info/properties.html.erb (1.0ms)
Completed 200 OK in 145ms (Views: 58.0ms | ActiveRecord: 39.0ms)
